2025-08-26 22:45:27 [31merror[39m: 	[31mError: Can't find /api/center on this server![39m
[31m    at /mnt/d/ministry_youth_sports/src/app.js:136:8[39m
[31m    at Layer.handle [as handle_request] (/mnt/d/ministry_youth_sports/node_modules/express/lib/router/layer.js:95:5)[39m
[31m    at next (/mnt/d/ministry_youth_sports/node_modules/express/lib/router/route.js:144:13)[39m
[31m    at next (/mnt/d/ministry_youth_sports/node_modules/express/lib/router/route.js:140:7)[39m
[31m    at next (/mnt/d/ministry_youth_sports/node_modules/express/lib/router/route.js:140:7)[39m
[31m    at next (/mnt/d/ministry_youth_sports/node_modules/express/lib/router/route.js:140:7)[39m
[31m    at next (/mnt/d/ministry_youth_sports/node_modules/express/lib/router/route.js:140:7)[39m
[31m    at next (/mnt/d/ministry_youth_sports/node_modules/express/lib/router/route.js:140:7)[39m
[31m    at next (/mnt/d/ministry_youth_sports/node_modules/express/lib/router/route.js:140:7)[39m
[31m    at Route.dispatch (/mnt/d/ministry_youth_sports/node_modules/express/lib/router/route.js:114:3)[39m
2025-08-26 22:45:27 [32minfo[39m: 	[32m::1 - - [26/Aug/2025:19:45:27 +0000] "GET /api/center HTTP/1.1" 404 - "-" "PostmanRuntime/7.45.0"[39m
2025-08-26 22:45:45 [31merror[39m: 	[31mError: Can't find /api/center on this server![39m
[31m    at /mnt/d/ministry_youth_sports/src/app.js:136:8[39m
[31m    at Layer.handle [as handle_request] (/mnt/d/ministry_youth_sports/node_modules/express/lib/router/layer.js:95:5)[39m
[31m    at next (/mnt/d/ministry_youth_sports/node_modules/express/lib/router/route.js:144:13)[39m
[31m    at next (/mnt/d/ministry_youth_sports/node_modules/express/lib/router/route.js:140:7)[39m
[31m    at next (/mnt/d/ministry_youth_sports/node_modules/express/lib/router/route.js:140:7)[39m
[31m    at next (/mnt/d/ministry_youth_sports/node_modules/express/lib/router/route.js:140:7)[39m
[31m    at next (/mnt/d/ministry_youth_sports/node_modules/express/lib/router/route.js:140:7)[39m
[31m    at next (/mnt/d/ministry_youth_sports/node_modules/express/lib/router/route.js:140:7)[39m
[31m    at next (/mnt/d/ministry_youth_sports/node_modules/express/lib/router/route.js:140:7)[39m
[31m    at Route.dispatch (/mnt/d/ministry_youth_sports/node_modules/express/lib/router/route.js:114:3)[39m
2025-08-26 22:45:45 [32minfo[39m: 	[32m::1 - - [26/Aug/2025:19:45:45 +0000] "GET /api/center HTTP/1.1" 404 - "-" "PostmanRuntime/7.45.0"[39m
2025-08-26 22:48:25 [31merror[39m: 	[31mError: Can't find /api/center on this server![39m
[31m    at /mnt/d/ministry_youth_sports/src/app.js:136:8[39m
[31m    at Layer.handle [as handle_request] (/mnt/d/ministry_youth_sports/node_modules/express/lib/router/layer.js:95:5)[39m
[31m    at next (/mnt/d/ministry_youth_sports/node_modules/express/lib/router/route.js:144:13)[39m
[31m    at next (/mnt/d/ministry_youth_sports/node_modules/express/lib/router/route.js:140:7)[39m
[31m    at next (/mnt/d/ministry_youth_sports/node_modules/express/lib/router/route.js:140:7)[39m
[31m    at next (/mnt/d/ministry_youth_sports/node_modules/express/lib/router/route.js:140:7)[39m
[31m    at next (/mnt/d/ministry_youth_sports/node_modules/express/lib/router/route.js:140:7)[39m
[31m    at next (/mnt/d/ministry_youth_sports/node_modules/express/lib/router/route.js:140:7)[39m
[31m    at next (/mnt/d/ministry_youth_sports/node_modules/express/lib/router/route.js:140:7)[39m
[31m    at Route.dispatch (/mnt/d/ministry_youth_sports/node_modules/express/lib/router/route.js:114:3)[39m
2025-08-26 22:48:25 [32minfo[39m: 	[32m::1 - - [26/Aug/2025:19:48:25 +0000] "GET /api/center HTTP/1.1" 404 - "-" "PostmanRuntime/7.45.0"[39m
2025-08-26 22:49:53 [32minfo[39m: 	[32m::1 - - [26/Aug/2025:19:49:53 +0000] "GET /api/center HTTP/1.1" 404 149 "-" "PostmanRuntime/7.45.0"[39m
2025-08-26 22:50:21 [32minfo[39m: 	[32m::1 - - [26/Aug/2025:19:50:21 +0000] "GET /api/v1/center HTTP/1.1" 404 152 "-" "PostmanRuntime/7.45.0"[39m
2025-08-26 22:50:35 [32minfo[39m: 	[32m::1 - - [26/Aug/2025:19:50:35 +0000] "GET /api/v1/centers HTTP/1.1" 200 - "-" "PostmanRuntime/7.45.0"[39m
2025-08-26 22:52:18 [32minfo[39m: 	[32m::1 - - [26/Aug/2025:19:52:18 +0000] "GET /api/v1/centers/by-region HTTP/1.1" 200 - "-" "PostmanRuntime/7.45.0"[39m
2025-08-26 22:53:02 [32minfo[39m: 	[32m::1 - - [26/Aug/2025:19:53:02 +0000] "GET /api/v1/centers/by-region?%D8%A7%D9%84%D9%85%D9%86%D8%B7%D9%82%D8%A9%20%D8%A7%D9%84%D8%AC%D9%86%D9%88%D8%A8%D9%8A%D8%A9 HTTP/1.1" 200 - "-" "PostmanRuntime/7.45.0"[39m
2025-08-26 22:53:07 [31merror[39m: 	[31mCastError: Cast to ObjectId failed for value "by-region:المنطقة الجنوبية" (type string) at path "_id" for model "Center"[39m
[31m    at SchemaObjectId.cast (/mnt/d/ministry_youth_sports/node_modules/mongoose/lib/schema/objectId.js:251:11)[39m
[31m    at SchemaType.applySetters (/mnt/d/ministry_youth_sports/node_modules/mongoose/lib/schemaType.js:1258:12)[39m
[31m    at SchemaType.castForQuery (/mnt/d/ministry_youth_sports/node_modules/mongoose/lib/schemaType.js:1680:17)[39m
[31m    at cast (/mnt/d/ministry_youth_sports/node_modules/mongoose/lib/cast.js:390:32)[39m
[31m    at Query.cast (/mnt/d/ministry_youth_sports/node_modules/mongoose/lib/query.js:5060:12)[39m
[31m    at Query._castConditions (/mnt/d/ministry_youth_sports/node_modules/mongoose/lib/query.js:2374:10)[39m
[31m    at model.Query._findOne (/mnt/d/ministry_youth_sports/node_modules/mongoose/lib/query.js:2697:8)[39m
[31m    at model.Query.exec (/mnt/d/ministry_youth_sports/node_modules/mongoose/lib/query.js:4627:80)[39m
[31m    at process.processTicksAndRejections (node:internal/process/task_queues:105:5)[39m
[31m    at async /mnt/d/ministry_youth_sports/src/controllers/center.controller.js:297:20[39m
2025-08-26 22:53:07 [32minfo[39m: 	[32m::1 - - [26/Aug/2025:19:53:07 +0000] "GET /api/v1/centers/by-region:%D8%A7%D9%84%D9%85%D9%86%D8%B7%D9%82%D8%A9%20%D8%A7%D9%84%D8%AC%D9%86%D9%88%D8%A8%D9%8A%D8%A9 HTTP/1.1" 404 - "-" "PostmanRuntime/7.45.0"[39m
2025-08-26 22:54:13 [32minfo[39m: 	[32m::1 - - [26/Aug/2025:19:54:13 +0000] "GET /api/v1/centers HTTP/1.1" 200 - "-" "PostmanRuntime/7.45.0"[39m
2025-08-26 22:56:50 [32minfo[39m: 	[32m::1 - - [26/Aug/2025:19:56:50 +0000] "GET /api/v1/centers/region/:region/%D8%A7%D9%84%D9%85%D9%86%D8%B7%D9%82%D9%87%20%D8%A7%D9%84%D8%B4%D8%B1%D9%82%D9%8A%D8%A9 HTTP/1.1" 401 31 "-" "PostmanRuntime/7.45.0"[39m
2025-08-26 22:58:11 [32minfo[39m: 	[32m::1 - - [26/Aug/2025:19:58:11 +0000] "GET /api/v1/centers/region/%D8%A7%D9%84%D9%85%D9%86%D8%B7%D9%82%D8%A9%20%D8%A7%D9%84%D8%B4%D8%B1%D9%82%D9%8A%D8%A9 HTTP/1.1" 200 - "-" "PostmanRuntime/7.45.0"[39m
2025-08-26 23:16:28 [32minfo[39m: 	[32m::1 - - [26/Aug/2025:20:16:28 +0000] "GET /api/v1/centersby-location-area/%D8%A7%D9%84%D8%B4%D8%B1%D9%82%D9%8A%D8%A9 HTTP/1.1" 404 212 "-" "PostmanRuntime/7.45.0"[39m
2025-08-26 23:16:56 [32minfo[39m: 	[32m::1 - - [26/Aug/2025:20:16:56 +0000] "GET /api/v1/centersby-location-area HTTP/1.1" 404 169 "-" "PostmanRuntime/7.45.0"[39m
2025-08-26 23:17:23 [32minfo[39m: 	[32m::1 - - [26/Aug/2025:20:17:23 +0000] "GET /api/v1/centers/by-location-area/%D8%A7%D9%84%D8%B4%D8%B1%D9%82%D9%8A%D8%A9 HTTP/1.1" 200 - "-" "PostmanRuntime/7.45.0"[39m
2025-08-26 23:17:43 [32minfo[39m: 	[32m::1 - - [26/Aug/2025:20:17:43 +0000] "GET /api/v1/centers/by-location-area/%D8%A7%D9%84%D8%BA%D8%B1%D8%A8%D9%8A%D8%A9%20%20 HTTP/1.1" 200 121 "-" "PostmanRuntime/7.45.0"[39m
2025-08-26 23:17:53 [32minfo[39m: 	[32m::1 - - [26/Aug/2025:20:17:53 +0000] "GET /api/v1/centers/by-location-area/%D8%A7%D9%84%D8%BA%D8%B1%D8%A8%D9%8A%D8%A9 HTTP/1.1" 200 - "-" "PostmanRuntime/7.45.0"[39m
2025-08-26 23:18:22 [32minfo[39m: 	[32m::1 - - [26/Aug/2025:20:18:22 +0000] "GET /api/v1/centers HTTP/1.1" 200 - "-" "PostmanRuntime/7.45.0"[39m
2025-08-26 23:18:55 [32minfo[39m: 	[32m::1 - - [26/Aug/2025:20:18:55 +0000] "GET /api/v1/centers/by-location-area/%D8%A7%D9%84%D8%AC%D9%86%D9%88%D8%A8%D9%8A%D8%A9 HTTP/1.1" 200 - "-" "PostmanRuntime/7.45.0"[39m
